  [4;36;1mSQL (0.2ms)[0m   [0;1mSET SQL_AUTO_IS_NULL=0[0m
  [4;35;1mSQL (191.3ms)[0m   [0mSHOW TABLES[0m
  [4;36;1mSQL (383.1ms)[0m   [0;1mCREATE TABLE `schema_migrations` (`version` varchar(255) NOT NULL) ENGINE=InnoDB[0m
  [4;35;1mSQL (281.7ms)[0m   [0mCREATE UNIQUE INDEX `unique_schema_migrations` ON `schema_migrations` (`version`)[0m
  [4;36;1mSQL (0.4ms)[0m   [0;1mSHOW TABLES[0m
  [4;35;1mSQL (0.4ms)[0m   [0mSELECT version FROM schema_migrations[0m
Migrating to CreateUsers (20090404032505)
  [4;36;1mSQL (105.9ms)[0m   [0;1mCREATE TABLE `users` (`id` int(11) DEFAULT NULL auto_increment PRIMARY KEY, `email` varchar(255), `first_name` varchar(255), `last_name` varchar(255), `phone` varchar(255), `salt` varchar(255), `crypted_password` varchar(255), `accept_tou` tinyint(1) DEFAULT 0, `login_count` int(11) DEFAULT 1, `activation_code` varchar(255), `deleted_at` datetime, `activated_at` datetime, `created_at` datetime, `updated_at` datetime) ENGINE=InnoDB[0m
  [4;35;1mSQL (2.1ms)[0m   [0mINSERT INTO schema_migrations (version) VALUES ('20090404032505')[0m
  [4;36;1mSQL (0.5ms)[0m   [0;1mSHOW TABLES[0m
  [4;35;1mSQL (0.2ms)[0m   [0mSELECT version FROM schema_migrations[0m
  [4;36;1mSQL (0.4ms)[0m   [0;1mSHOW TABLES[0m
  [4;35;1mSQL (37.6ms)[0m   [0mSHOW FIELDS FROM `users`[0m
  [4;36;1mSQL (3.9ms)[0m   [0;1mdescribe `users`[0m
  [4;35;1mSQL (0.8ms)[0m   [0mSHOW KEYS FROM `users`[0m
  [4;36;1mSQL (0.3ms)[0m   [0;1mSET SQL_AUTO_IS_NULL=0[0m
  [4;35;1mSQL (18.6ms)[0m   [0mSHOW TABLES[0m
  [4;36;1mSQL (0.3ms)[0m   [0;1mSELECT version FROM schema_migrations[0m
Migrating to CreateUsers (20090404032505)
Migrating to CreateDebtors (20090404033414)
  [4;35;1mSQL (72.3ms)[0m   [0mCREATE TABLE `debtors` (`id` int(11) DEFAULT NULL auto_increment PRIMARY KEY, `email` varchar(255), `first_name` varchar(255), `last_name` varchar(255), `phone` varchar(255), `office_phone` varchar(255), `cell_phone` varchar(255), `created_at` datetime, `updated_at` datetime) ENGINE=InnoDB[0m
  [4;36;1mSQL (0.8ms)[0m   [0;1mINSERT INTO schema_migrations (version) VALUES ('20090404033414')[0m
  [4;35;1mSQL (0.6ms)[0m   [0mSHOW TABLES[0m
  [4;36;1mSQL (0.3ms)[0m   [0;1mSELECT version FROM schema_migrations[0m
  [4;35;1mSQL (0.5ms)[0m   [0mSHOW TABLES[0m
  [4;36;1mSQL (19.6ms)[0m   [0;1mSHOW FIELDS FROM `debtors`[0m
  [4;35;1mSQL (1.9ms)[0m   [0mdescribe `debtors`[0m
  [4;36;1mSQL (1.0ms)[0m   [0;1mSHOW KEYS FROM `debtors`[0m
  [4;35;1mSQL (2.6ms)[0m   [0mSHOW FIELDS FROM `users`[0m
  [4;36;1mSQL (3.1ms)[0m   [0;1mdescribe `users`[0m
  [4;35;1mSQL (0.4ms)[0m   [0mSHOW KEYS FROM `users`[0m
  [4;36;1mSQL (0.2ms)[0m   [0;1mSET SQL_AUTO_IS_NULL=0[0m
  [4;35;1mSQL (0.5ms)[0m   [0mSHOW TABLES[0m
  [4;36;1mSQL (0.2ms)[0m   [0;1mSELECT version FROM schema_migrations[0m
Migrating to CreateUsers (20090404032505)
Migrating to CreateDebtors (20090404033414)
Migrating to CreateDebts (20090404171040)
  [4;35;1mSQL (149.2ms)[0m   [0mCREATE TABLE `debts` (`id` int(11) DEFAULT NULL auto_increment PRIMARY KEY, `amount` float, `debtor_id` int(11), `user_id` int(11), `frequency_in_days` int(11), `created_at` datetime, `updated_at` datetime) ENGINE=InnoDB[0m
  [4;36;1mSQL (0.8ms)[0m   [0;1mINSERT INTO schema_migrations (version) VALUES ('20090404171040')[0m
  [4;35;1mSQL (0.5ms)[0m   [0mSHOW TABLES[0m
  [4;36;1mSQL (0.2ms)[0m   [0;1mSELECT version FROM schema_migrations[0m
  [4;35;1mSQL (0.3ms)[0m   [0mSHOW TABLES[0m
  [4;36;1mSQL (2.0ms)[0m   [0;1mSHOW FIELDS FROM `debtors`[0m
  [4;35;1mSQL (2.1ms)[0m   [0mdescribe `debtors`[0m
  [4;36;1mSQL (0.3ms)[0m   [0;1mSHOW KEYS FROM `debtors`[0m
  [4;35;1mSQL (1.7ms)[0m   [0mSHOW FIELDS FROM `debts`[0m
  [4;36;1mSQL (1.8ms)[0m   [0;1mdescribe `debts`[0m
  [4;35;1mSQL (0.6ms)[0m   [0mSHOW KEYS FROM `debts`[0m
  [4;36;1mSQL (1.5ms)[0m   [0;1mSHOW FIELDS FROM `users`[0m
  [4;35;1mSQL (2.4ms)[0m   [0mdescribe `users`[0m
  [4;36;1mSQL (0.4ms)[0m   [0;1mSHOW KEYS FROM `users`[0m
  [4;36;1mSQL (0.2ms)[0m   [0;1mSET SQL_AUTO_IS_NULL=0[0m
  [4;35;1mSQL (0.3ms)[0m   [0mSHOW TABLES[0m
  [4;36;1mSQL (101.5ms)[0m   [0;1mCREATE TABLE `schema_migrations` (`version` varchar(255) NOT NULL) ENGINE=InnoDB[0m
  [4;35;1mSQL (262.5ms)[0m   [0mCREATE UNIQUE INDEX `unique_schema_migrations` ON `schema_migrations` (`version`)[0m
  [4;36;1mSQL (0.5ms)[0m   [0;1mSHOW TABLES[0m
  [4;35;1mSQL (0.3ms)[0m   [0mSELECT version FROM schema_migrations[0m
Migrating to CreateDebtors (20090404033414)
  [4;36;1mSQL (116.6ms)[0m   [0;1mCREATE TABLE `debtors` (`id` int(11) DEFAULT NULL auto_increment PRIMARY KEY, `email` varchar(255), `first_name` varchar(255), `last_name` varchar(255), `phone` varchar(255), `office_phone` varchar(255), `cell_phone` varchar(255), `created_at` datetime, `updated_at` datetime) ENGINE=InnoDB[0m
  [4;35;1mSQL (0.9ms)[0m   [0mINSERT INTO schema_migrations (version) VALUES ('20090404033414')[0m
Migrating to CreateDebts (20090404171040)
  [4;36;1mSQL (126.9ms)[0m   [0;1mCREATE TABLE `debts` (`id` int(11) DEFAULT NULL auto_increment PRIMARY KEY, `amount` float, `debtor_id` int(11), `user_id` int(11), `frequency_in_days` int(11), `created_at` datetime, `updated_at` datetime) ENGINE=InnoDB[0m
  [4;35;1mSQL (0.7ms)[0m   [0mINSERT INTO schema_migrations (version) VALUES ('20090404171040')[0m
Migrating to CreateUsers (20090404172116)
  [4;36;1mSQL (201.8ms)[0m   [0;1mCREATE TABLE `users` (`id` int(11) DEFAULT NULL auto_increment PRIMARY KEY, `email` varchar(255), `first_name` varchar(255), `last_name` varchar(255), `phone` varchar(255), `salt` varchar(255), `crypted_password` varchar(255), `accept_tou` tinyint(1) DEFAULT 0, `login_count` int(11) DEFAULT 1, `activation_code` varchar(255), `deleted_at` datetime, `activated_at` datetime, `remember_token` varchar(40), `remember_token_expires_at` datetime, `created_at` datetime, `updated_at` datetime) ENGINE=InnoDB[0m
  [4;35;1mSQL (4.5ms)[0m   [0mINSERT INTO schema_migrations (version) VALUES ('20090404172116')[0m
  [4;36;1mSQL (3.5ms)[0m   [0;1mSHOW TABLES[0m
  [4;35;1mSQL (0.2ms)[0m   [0mSELECT version FROM schema_migrations[0m
  [4;36;1mSQL (2.3ms)[0m   [0;1mSHOW TABLES[0m
  [4;35;1mSQL (5.1ms)[0m   [0mSHOW FIELDS FROM `debtors`[0m
  [4;36;1mSQL (2.4ms)[0m   [0;1mdescribe `debtors`[0m
  [4;35;1mSQL (1.2ms)[0m   [0mSHOW KEYS FROM `debtors`[0m
  [4;36;1mSQL (2.1ms)[0m   [0;1mSHOW FIELDS FROM `debts`[0m
  [4;35;1mSQL (2.5ms)[0m   [0mdescribe `debts`[0m
  [4;36;1mSQL (5.6ms)[0m   [0;1mSHOW KEYS FROM `debts`[0m
  [4;35;1mSQL (3.1ms)[0m   [0mSHOW FIELDS FROM `users`[0m
  [4;36;1mSQL (2.2ms)[0m   [0;1mdescribe `users`[0m
  [4;35;1mSQL (0.4ms)[0m   [0mSHOW KEYS FROM `users`[0m
  [4;36;1mSQL (0.2ms)[0m   [0;1mSET SQL_AUTO_IS_NULL=0[0m


Processing ApplicationController#index (for 127.0.0.1 at 2009-04-04 12:27:50) [GET]

ActionController::RoutingError (No route matches "/" with {:method=>:get}):
  

Rendering rescues/layout (not_found)
  [4;35;1mSQL (0.2ms)[0m   [0mSET SQL_AUTO_IS_NULL=0[0m


Processing UsersController#new (for 127.0.0.1 at 2009-04-04 12:28:21) [GET]
  [4;36;1mUser Columns (3.7ms)[0m   [0;1mSHOW FIELDS FROM `users`[0m
Rendering users/new

ActionView::TemplateError (undefined method `login' for #<User:0x23cd294>) on line #7 of app/views/users/new.html.erb:
4: <%= error_messages_for :user %>
5: <% form_for :user, :url => users_path do |f| -%>
6: <p><%= label_tag 'login' %><br/>
7: <%= f.text_field :login %></p>
8: 
9: <p><%= label_tag 'email' %><br/>
10: <%= f.text_field :email %></p>

    app/views/users/new.html.erb:7
    app/views/users/new.html.erb:5

Rendered rescues/_trace (116.7ms)
Rendered rescues/_request_and_response (1.8ms)
Rendering rescues/layout (internal_server_error)
  [4;35;1mSQL (0.1ms)[0m   [0mSET SQL_AUTO_IS_NULL=0[0m


Processing UsersController#new (for 127.0.0.1 at 2009-04-04 12:30:52) [GET]
  [4;36;1mUser Columns (2.9ms)[0m   [0;1mSHOW FIELDS FROM `users`[0m
Rendering users/new
Completed in 18ms (View: 7, DB: 3) | 200 OK [http://localhost/signup]
  [4;35;1mSQL (0.2ms)[0m   [0mSET SQL_AUTO_IS_NULL=0[0m


Processing UsersController#create (for 127.0.0.1 at 2009-04-04 12:31:01) [POST]
  Parameters: {"user"=>{"password_confirmation"=>"test", "password"=>"test", "email"=>"stcorbett@gmail.com"}, "commit"=>"Sign up", "authenticity_token"=>"vALuy/cPm34XymmUP2tTvNSY7P1uT2xpUDfeYpP2zPo="}
  [4;36;1mUser Columns (2.4ms)[0m   [0;1mSHOW FIELDS FROM `users`[0m
  [4;35;1mSQL (31.2ms)[0m   [0mBEGIN[0m
  [4;36;1mSQL (0.5ms)[0m   [0;1mROLLBACK[0m

NoMethodError (undefined method `login' for #<User:0x2332fdc>):
  app/controllers/users_controller.rb:14:in `create'

Rendered rescues/_trace (153.1ms)
Rendered rescues/_request_and_response (0.4ms)
Rendering rescues/layout (internal_server_error)
  [4;35;1mSQL (0.2ms)[0m   [0mSET SQL_AUTO_IS_NULL=0[0m


Processing UsersController#create (for 127.0.0.1 at 2009-04-04 12:35:02) [POST]
  Parameters: {"user"=>{"password_confirmation"=>"test", "password"=>"tset", "email"=>"stcorbett@gmail.com"}, "commit"=>"Sign up", "authenticity_token"=>"vALuy/cPm34XymmUP2tTvNSY7P1uT2xpUDfeYpP2zPo="}
  [4;36;1mUser Columns (3.0ms)[0m   [0;1mSHOW FIELDS FROM `users`[0m
  [4;35;1mSQL (0.6ms)[0m   [0mBEGIN[0m
  [4;36;1mSQL (5.5ms)[0m   [0;1mROLLBACK[0m

NoMethodError (undefined method `name' for #<User:0x24662a0>):
  app/controllers/users_controller.rb:14:in `create'

Rendered rescues/_trace (55.8ms)
Rendered rescues/_request_and_response (0.3ms)
Rendering rescues/layout (internal_server_error)
  [4;36;1mSQL (0.2ms)[0m   [0;1mSET SQL_AUTO_IS_NULL=0[0m
  [4;35;1mSQL (0.4ms)[0m   [0mSHOW TABLES[0m
  [4;36;1mSQL (89.7ms)[0m   [0;1mCREATE TABLE `schema_migrations` (`version` varchar(255) NOT NULL) ENGINE=InnoDB[0m
  [4;35;1mSQL (150.3ms)[0m   [0mCREATE UNIQUE INDEX `unique_schema_migrations` ON `schema_migrations` (`version`)[0m
  [4;36;1mSQL (0.4ms)[0m   [0;1mSHOW TABLES[0m
  [4;35;1mSQL (0.3ms)[0m   [0mSELECT version FROM schema_migrations[0m
Migrating to CreateDebtors (20090404033414)
  [4;36;1mSQL (103.9ms)[0m   [0;1mCREATE TABLE `debtors` (`id` int(11) DEFAULT NULL auto_increment PRIMARY KEY, `email` varchar(255), `first_name` varchar(255), `last_name` varchar(255), `phone` varchar(255), `office_phone` varchar(255), `cell_phone` varchar(255), `created_at` datetime, `updated_at` datetime) ENGINE=InnoDB[0m
  [4;35;1mSQL (29.6ms)[0m   [0mINSERT INTO schema_migrations (version) VALUES ('20090404033414')[0m
Migrating to CreateDebts (20090404171040)
  [4;36;1mSQL (122.5ms)[0m   [0;1mCREATE TABLE `debts` (`id` int(11) DEFAULT NULL auto_increment PRIMARY KEY, `amount` float, `debtor_id` int(11), `user_id` int(11), `frequency_in_days` int(11), `created_at` datetime, `updated_at` datetime) ENGINE=InnoDB[0m
  [4;35;1mSQL (0.8ms)[0m   [0mINSERT INTO schema_migrations (version) VALUES ('20090404171040')[0m
Migrating to CreateUsers (20090404172116)
  [4;36;1mSQL (69.4ms)[0m   [0;1mCREATE TABLE `users` (`id` int(11) DEFAULT NULL auto_increment PRIMARY KEY, `email` varchar(255), `name` varchar(255), `phone` varchar(255), `salt` varchar(255), `crypted_password` varchar(255), `accept_tou` tinyint(1) DEFAULT 0, `login_count` int(11) DEFAULT 1, `activation_code` varchar(255), `deleted_at` datetime, `activated_at` datetime, `remember_token` varchar(40), `remember_token_expires_at` datetime, `created_at` datetime, `updated_at` datetime) ENGINE=InnoDB[0m
  [4;35;1mSQL (1.1ms)[0m   [0mINSERT INTO schema_migrations (version) VALUES ('20090404172116')[0m
  [4;36;1mSQL (0.6ms)[0m   [0;1mSHOW TABLES[0m
  [4;35;1mSQL (0.2ms)[0m   [0mSELECT version FROM schema_migrations[0m
  [4;36;1mSQL (0.4ms)[0m   [0;1mSHOW TABLES[0m
  [4;35;1mSQL (2.9ms)[0m   [0mSHOW FIELDS FROM `debtors`[0m
  [4;36;1mSQL (2.1ms)[0m   [0;1mdescribe `debtors`[0m
  [4;35;1mSQL (0.5ms)[0m   [0mSHOW KEYS FROM `debtors`[0m
  [4;36;1mSQL (2.0ms)[0m   [0;1mSHOW FIELDS FROM `debts`[0m
  [4;35;1mSQL (3.3ms)[0m   [0mdescribe `debts`[0m
  [4;36;1mSQL (0.4ms)[0m   [0;1mSHOW KEYS FROM `debts`[0m
  [4;35;1mSQL (1.7ms)[0m   [0mSHOW FIELDS FROM `users`[0m
  [4;36;1mSQL (2.9ms)[0m   [0;1mdescribe `users`[0m
  [4;35;1mSQL (0.8ms)[0m   [0mSHOW KEYS FROM `users`[0m
  [4;36;1mSQL (0.2ms)[0m   [0;1mSET SQL_AUTO_IS_NULL=0[0m


Processing UsersController#new (for 127.0.0.1 at 2009-04-04 12:37:56) [GET]
  [4;35;1mUser Columns (3.3ms)[0m   [0mSHOW FIELDS FROM `users`[0m
Rendering users/new
Completed in 22ms (View: 10, DB: 3) | 200 OK [http://localhost/signup]
  [4;36;1mSQL (0.1ms)[0m   [0;1mSET SQL_AUTO_IS_NULL=0[0m


Processing UsersController#create (for 127.0.0.1 at 2009-04-04 12:38:05) [POST]
  Parameters: {"user"=>{"password_confirmation"=>"test", "password"=>"test", "email"=>"stcorbett@gmail.com"}, "commit"=>"Sign up", "authenticity_token"=>"vALuy/cPm34XymmUP2tTvNSY7P1uT2xpUDfeYpP2zPo="}
  [4;35;1mUser Columns (2.9ms)[0m   [0mSHOW FIELDS FROM `users`[0m
  [4;36;1mSQL (0.3ms)[0m   [0;1mBEGIN[0m
  [4;35;1mUser Exists (42.2ms)[0m   [0mSELECT `users`.id FROM `users` WHERE (`users`.`email` = BINARY 'stcorbett@gmail.com') LIMIT 1[0m
  [4;36;1mSQL (0.1ms)[0m   [0;1mROLLBACK[0m
Rendering users/new
Completed in 65ms (View: 2, DB: 46) | 200 OK [http://localhost/users]
  [4;36;1mSQL (0.2ms)[0m   [0;1mSET SQL_AUTO_IS_NULL=0[0m
  [4;35;1mSQL (0.4ms)[0m   [0mSHOW TABLES[0m
  [4;36;1mSQL (63.3ms)[0m   [0;1mCREATE TABLE `schema_migrations` (`version` varchar(255) NOT NULL) ENGINE=InnoDB[0m
  [4;35;1mSQL (183.2ms)[0m   [0mCREATE UNIQUE INDEX `unique_schema_migrations` ON `schema_migrations` (`version`)[0m
  [4;36;1mSQL (0.5ms)[0m   [0;1mSHOW TABLES[0m
  [4;35;1mSQL (0.3ms)[0m   [0mSELECT version FROM schema_migrations[0m
Migrating to CreateDebtors (20090404033414)
  [4;36;1mSQL (93.7ms)[0m   [0;1mCREATE TABLE `debtors` (`id` int(11) DEFAULT NULL auto_increment PRIMARY KEY, `email` varchar(255), `first_name` varchar(255), `last_name` varchar(255), `phone` varchar(255), `office_phone` varchar(255), `cell_phone` varchar(255), `created_at` datetime, `updated_at` datetime) ENGINE=InnoDB[0m
  [4;35;1mSQL (0.9ms)[0m   [0mINSERT INTO schema_migrations (version) VALUES ('20090404033414')[0m
Migrating to CreateDebts (20090404171040)
  [4;36;1mSQL (94.5ms)[0m   [0;1mCREATE TABLE `debts` (`id` int(11) DEFAULT NULL auto_increment PRIMARY KEY, `amount` float, `debtor_id` int(11), `user_id` int(11), `frequency_in_days` int(11), `created_at` datetime, `updated_at` datetime) ENGINE=InnoDB[0m
  [4;35;1mSQL (0.8ms)[0m   [0mINSERT INTO schema_migrations (version) VALUES ('20090404171040')[0m
Migrating to CreateUsers (20090404172116)
  [4;36;1mSQL (44.7ms)[0m   [0;1mCREATE TABLE `users` (`id` int(11) DEFAULT NULL auto_increment PRIMARY KEY, `email` varchar(255), `first_name` varchar(255), `last_name` varchar(255), `phone` varchar(255), `salt` varchar(255), `crypted_password` varchar(255), `accept_tou` tinyint(1) DEFAULT 0, `login_count` int(11) DEFAULT 1, `activation_code` varchar(255), `deleted_at` datetime, `activated_at` datetime, `remember_token` varchar(40), `remember_token_expires_at` datetime, `created_at` datetime, `updated_at` datetime) ENGINE=InnoDB[0m
  [4;35;1mSQL (0.9ms)[0m   [0mINSERT INTO schema_migrations (version) VALUES ('20090404172116')[0m
  [4;36;1mSQL (0.5ms)[0m   [0;1mSHOW TABLES[0m
  [4;35;1mSQL (0.2ms)[0m   [0mSELECT version FROM schema_migrations[0m
  [4;36;1mSQL (0.4ms)[0m   [0;1mSHOW TABLES[0m
  [4;35;1mSQL (2.1ms)[0m   [0mSHOW FIELDS FROM `debtors`[0m
  [4;36;1mSQL (2.5ms)[0m   [0;1mdescribe `debtors`[0m
  [4;35;1mSQL (0.6ms)[0m   [0mSHOW KEYS FROM `debtors`[0m
  [4;36;1mSQL (1.7ms)[0m   [0;1mSHOW FIELDS FROM `debts`[0m
  [4;35;1mSQL (2.2ms)[0m   [0mdescribe `debts`[0m
  [4;36;1mSQL (0.4ms)[0m   [0;1mSHOW KEYS FROM `debts`[0m
  [4;35;1mSQL (2.6ms)[0m   [0mSHOW FIELDS FROM `users`[0m
  [4;36;1mSQL (3.6ms)[0m   [0;1mdescribe `users`[0m
  [4;35;1mSQL (0.3ms)[0m   [0mSHOW KEYS FROM `users`[0m
  [4;36;1mSQL (0.2ms)[0m   [0;1mSET SQL_AUTO_IS_NULL=0[0m


Processing UsersController#new (for 127.0.0.1 at 2009-04-04 12:40:11) [GET]
  [4;35;1mUser Columns (2.9ms)[0m   [0mSHOW FIELDS FROM `users`[0m
Rendering users/new
Completed in 22ms (View: 11, DB: 3) | 200 OK [http://localhost/signup]
  [4;36;1mSQL (0.1ms)[0m   [0;1mSET SQL_AUTO_IS_NULL=0[0m


Processing UsersController#create (for 127.0.0.1 at 2009-04-04 12:40:19) [POST]
  Parameters: {"user"=>{"password_confirmation"=>"testtt", "password"=>"testtt", "email"=>"stcorbett@gmail.com"}, "commit"=>"Sign up", "authenticity_token"=>"vALuy/cPm34XymmUP2tTvNSY7P1uT2xpUDfeYpP2zPo="}
  [4;35;1mUser Columns (3.0ms)[0m   [0mSHOW FIELDS FROM `users`[0m
  [4;36;1mSQL (0.8ms)[0m   [0;1mBEGIN[0m
  [4;35;1mUser Exists (0.9ms)[0m   [0mSELECT `users`.id FROM `users` WHERE (`users`.`email` = BINARY 'stcorbett@gmail.com') LIMIT 1[0m
  [4;36;1mSQL (0.2ms)[0m   [0;1mROLLBACK[0m
Rendering users/new
Completed in 26ms (View: 2, DB: 5) | 200 OK [http://localhost/users]
  [4;35;1mSQL (0.2ms)[0m   [0mSET SQL_AUTO_IS_NULL=0[0m


Processing UsersController#create (for 127.0.0.1 at 2009-04-04 12:40:50) [POST]
  Parameters: {"user"=>{"password_confirmation"=>"testtt", "password"=>"testtt", "email"=>"stcorbett@gmail.com"}, "commit"=>"Sign up", "authenticity_token"=>"vALuy/cPm34XymmUP2tTvNSY7P1uT2xpUDfeYpP2zPo="}

***** Debugger requested, but was not available: Start server with --debugger to enable *****
  [4;36;1mUser Columns (3.0ms)[0m   [0;1mSHOW FIELDS FROM `users`[0m
  [4;35;1mSQL (0.3ms)[0m   [0mBEGIN[0m
  [4;36;1mUser Exists (0.3ms)[0m   [0;1mSELECT `users`.id FROM `users` WHERE (`users`.`email` = BINARY 'stcorbett@gmail.com') LIMIT 1[0m
  [4;35;1mSQL (0.1ms)[0m   [0mROLLBACK[0m
Rendering users/new
Completed in 21ms (View: 2, DB: 4) | 200 OK [http://localhost/users]
  [4;36;1mSQL (0.2ms)[0m   [0;1mSET SQL_AUTO_IS_NULL=0[0m


Processing UsersController#create (for 127.0.0.1 at 2009-04-04 12:41:33) [POST]
  Parameters: {"user"=>{"password_confirmation"=>"testt", "password"=>"testtt", "email"=>"stcorbett@gmail.com"}, "commit"=>"Sign up", "authenticity_token"=>"vALuy/cPm34XymmUP2tTvNSY7P1uT2xpUDfeYpP2zPo="}
  [4;35;1mUser Columns (2.9ms)[0m   [0mSHOW FIELDS FROM `users`[0m
  [4;36;1mSQL (0.1ms)[0m   [0;1mBEGIN[0m
  [4;35;1mUser Exists (0.3ms)[0m   [0mSELECT `users`.id FROM `users` WHERE (`users`.`email` = BINARY 'stcorbett@gmail.com') LIMIT 1[0m
  [4;36;1mSQL (0.1ms)[0m   [0;1mROLLBACK[0m
  [4;35;1mSQL (0.1ms)[0m   [0mBEGIN[0m
  [4;36;1mCACHE (0.0ms)[0m   [0;1mSELECT `users`.id FROM `users` WHERE (`users`.`email` = BINARY 'stcorbett@gmail.com') LIMIT 1[0m
  [4;35;1mSQL (0.1ms)[0m   [0mROLLBACK[0m
Rendering users/new
Completed in 136481ms (View: 8, DB: 4) | 200 OK [http://localhost/users]
  [4;36;1mSQL (0.2ms)[0m   [0;1mSET SQL_AUTO_IS_NULL=0[0m


Processing UsersController#create (for 127.0.0.1 at 2009-04-04 12:44:01) [POST]
  Parameters: {"user"=>{"password_confirmation"=>"testtt", "password"=>"testtt", "email"=>"stcorbett@gmail.com"}, "commit"=>"Sign up", "authenticity_token"=>"vALuy/cPm34XymmUP2tTvNSY7P1uT2xpUDfeYpP2zPo="}
  [4;35;1mUser Columns (3.2ms)[0m   [0mSHOW FIELDS FROM `users`[0m
  [4;36;1mSQL (0.2ms)[0m   [0;1mBEGIN[0m
  [4;35;1mUser Exists (1.2ms)[0m   [0mSELECT `users`.id FROM `users` WHERE (`users`.`email` = BINARY 'stcorbett@gmail.com') LIMIT 1[0m
  [4;36;1mUser Create (22.8ms)[0m   [0;1mINSERT INTO `users` (`salt`, `activated_at`, `updated_at`, `crypted_password`, `accept_tou`, `deleted_at`, `activation_code`, `remember_token_expires_at`, `phone`, `login_count`, `remember_token`, `first_name`, `last_name`, `email`, `created_at`) VALUES('85f696d977c2dfbf18077661fb50a2632708d3bc', NULL, '2009-04-04 17:44:04', '355b951157fb6d717625e1333b10a4668b9626ef', 0, NULL, NULL, NULL, NULL, 1, NULL, NULL, NULL, 'stcorbett@gmail.com', '2009-04-04 17:44:04')[0m
  [4;35;1mSQL (0.8ms)[0m   [0mCOMMIT[0m
Redirected to http://localhost:3000/
Completed in 2739ms (DB: 28) | 302 Found [http://localhost/users]
  [4;36;1mSQL (0.1ms)[0m   [0;1mSET SQL_AUTO_IS_NULL=0[0m


Processing ApplicationController#index (for 127.0.0.1 at 2009-04-04 12:44:04) [GET]

ActionController::RoutingError (No route matches "/" with {:method=>:get}):
  

Rendering rescues/layout (not_found)
  [4;35;1mSQL (0.1ms)[0m   [0mSET SQL_AUTO_IS_NULL=0[0m


Processing StaticController#splash (for 127.0.0.1 at 2009-04-04 12:46:29) [GET]
Rendering static/splash
Completed in 16ms (View: 14, DB: 0) | 200 OK [http://localhost/]
